<?xml version="1.0" encoding="UTF-8"?>
<!-- Generated by org.testng.reporters.JUnitReportReporter -->
<testsuite hostname="CNDDLF0524" failures="0" tests="1" name="com.qa.testscript.TC_JiomartFilters_005" time="18.889" errors="0" timestamp="2022-10-01T22:41:44 IST" skipped="0">
  <testcase classname="com.qa.testscript.TC_JiomartFilters_005" name="ApplyDiscountFilter" time="18.889"/>
  <system-out/>
</testsuite> <!-- com.qa.testscript.TC_JiomartFilters_005 -->
