<?xml version="1.0" encoding="UTF-8"?>
<!-- Generated by org.testng.reporters.JUnitReportReporter -->
<testsuite hostname="CNDDLF0524" failures="0" tests="4" name="com.qa.testscript.TC_JiomartFilters_007" time="73.195" errors="0" timestamp="2022-10-01T22:41:44 IST" skipped="0">
  <testcase classname="com.qa.testscript.TC_JiomartFilters_007" name="BrandSearchOption" time="21.834"/>
  <system-out/>
  <testcase classname="com.qa.testscript.TC_JiomartFilters_007" name="BrandSearchOption" time="16.660"/>
  <system-out/>
  <testcase classname="com.qa.testscript.TC_JiomartFilters_007" name="BrandSearchOption" time="17.622"/>
  <system-out/>
  <testcase classname="com.qa.testscript.TC_JiomartFilters_007" name="BrandSearchOption" time="17.079"/>
  <system-out/>
</testsuite> <!-- com.qa.testscript.TC_JiomartFilters_007 -->
